[    0.000000] Initializing cgroup subsys cpuset
[    0.000000] Initializing cgroup subsys cpu
[    0.000000] Initializing cgroup subsys cpuacct
[    0.000000] Linux version 4.4.0-176-generic (buildd@lgw01-amd64-035) (gcc version 5.4.0 20160609 (Ubuntu 5.4.0-6ubuntu1~16.04.12) ) #206-Ubuntu SMP Fri Feb 28 05:02:04 UTC 2020 (Ubuntu 4.4.0-176.206-generic 4.4.211)
[    0.000000] Command line: BOOT_IMAGE=/boot/vmlinuz-4.4.0-176-generic root=UUID=3bda5ecb-45e7-4190-b7c8-0d4f527f03d6 ro console=tty1 console=ttyS0
[    0.000000] KERNEL supported cpus:
[    0.000000]   Intel GenuineIntel
[    0.000000]   AMD AuthenticAMD
[    0.000000]   Centaur CentaurHauls
[    0.000000] x86/fpu: xstate_offset[2]:  576, xstate_sizes[2]:  256
[    0.000000] x86/fpu: Supporting XSAVE feature 0x01: 'x87 floating point registers'
[    0.000000] x86/fpu: Supporting XSAVE feature 0x02: 'SSE registers'
[    0.000000] x86/fpu: Supporting XSAVE feature 0x04: 'AVX registers'
[    0.000000] x86/fpu: Enabled xstate features 0x7, context size is 832 bytes, using 'standard' format.
[    0.000000] e820: BIOS-provided physical RAM map:
[    0.000000] BIOS-e820: [mem 0x0000000000000000-0x000000000009fbff] usable
[    0.000000] BIOS-e820: [mem 0x000000000009fc00-0x000000000009ffff] reserved
[    0.000000] BIOS-e820: [mem 0x00000000000f0000-0x00000000000fffff] reserved
[    0.000000] BIOS-e820: [mem 0x0000000000100000-0x000000007ffeffff] usable
[    0.000000] BIOS-e820: [mem 0x000000007fff0000-0x000000007fffffff] ACPI data
[    0.000000] BIOS-e820: [mem 0x00000000fec00000-0x00000000fec00fff] reserved
[    0.000000] BIOS-e820: [mem 0x00000000fee00000-0x00000000fee00fff] reserved
[    0.000000] BIOS-e820: [mem 0x00000000fffc0000-0x00000000ffffffff] reserved
[    0.000000] NX (Execute Disable) protection: active
[    0.000000] SMBIOS 2.5 present.
[    0.000000] Hypervisor detected: KVM
[    0.000000] e820: last_pfn = 0x7fff0 max_arch_pfn = 0x400000000
[    0.000000] MTRR: Disabled
[    0.000000] x86/PAT: MTRRs disabled, skipping PAT initialization too.
[    0.000000] CPU MTRRs all blank - virtualized system.
[    0.000000] x86/PAT: Configuration [0-7]: WB  WT  UC- UC  WB  WT  UC- UC  
[    0.000000] found SMP MP-table at [mem 0x0009fff0-0x0009ffff] mapped at [ffff88000009fff0]
[    0.000000] Scanning 1 areas for low memory corruption
[    0.000000] RAMDISK: [mem 0x361cc000-0x370ddfff]
[    0.000000] ACPI: Early table checksum verification disabled
[    0.000000] ACPI: RSDP 0x00000000000E0000 000024 (v02 VBOX  )
[    0.000000] ACPI: XSDT 0x000000007FFF0030 00003C (v01 VBOX   VBOXXSDT 00000001 ASL  00000061)
[    0.000000] ACPI: FACP 0x000000007FFF00F0 0000F4 (v04 VBOX   VBOXFACP 00000001 ASL  00000061)
[    0.000000] ACPI: DSDT 0x000000007FFF0470 0022EA (v02 VBOX   VBOXBIOS 00000002 INTL 20100528)
[    0.000000] ACPI: FACS 0x000000007FFF0200 000040
[    0.000000] ACPI: FACS 0x000000007FFF0200 000040
[    0.000000] ACPI: APIC 0x000000007FFF0240 00005C (v02 VBOX   VBOXAPIC 00000001 ASL  00000061)
[    0.000000] ACPI: SSDT 0x000000007FFF02A0 0001CC (v01 VBOX   VBOXCPUT 00000002 INTL 20100528)
[    0.000000] No NUMA configuration found
[    0.000000] Faking a node at [mem 0x0000000000000000-0x000000007ffeffff]
[    0.000000] NODE_DATA(0) allocated [mem 0x7ffeb000-0x7ffeffff]
[    0.000000] kvm-clock: Using msrs 4b564d01 and 4b564d00
[    0.000000] kvm-clock: cpu 0, msr 0:7ffe3001, primary cpu clock
[    0.000000] kvm-clock: using sched offset of 3579896593 cycles
[    0.000000] clocksource: kvm-clock: mask: 0xffffffffffffffff max_cycles: 0x1cd42e4dffb, max_idle_ns: 881590591483 ns
[    0.000000] Zone ranges:
[    0.000000]   DMA      [mem 0x0000000000001000-0x0000000000ffffff]
[    0.000000]   DMA32    [mem 0x0000000001000000-0x000000007ffeffff]
[    0.000000]   Normal   empty
[    0.000000]   Device   empty
[    0.000000] Movable zone start for each node
[    0.000000] Early memory node ranges
[    0.000000]   node   0: [mem 0x0000000000001000-0x000000000009efff]
[    0.000000]   node   0: [mem 0x0000000000100000-0x000000007ffeffff]
[    0.000000] Initmem setup node 0 [mem 0x0000000000001000-0x000000007ffeffff]
[    0.000000] ACPI: PM-Timer IO Port: 0x4008
[    0.000000] IOAPIC[0]: apic_id 2, version 32, address 0xfec00000, GSI 0-23
[    0.000000] ACPI: INT_SRC_OVR (bus 0 bus_irq 0 global_irq 2 dfl dfl)
[    0.000000] ACPI: INT_SRC_OVR (bus 0 bus_irq 9 global_irq 9 low level)
[    0.000000] Using ACPI (MADT) for SMP configuration information
[    0.000000] smpboot: Allowing 2 CPUs, 0 hotplug CPUs
[    0.000000] PM: Registered nosave memory: [mem 0x00000000-0x00000fff]
[    0.000000] PM: Registered nosave memory: [mem 0x0009f000-0x0009ffff]
[    0.000000] PM: Registered nosave memory: [mem 0x000a0000-0x000effff]
[    0.000000] PM: Registered nosave memory: [mem 0x000f0000-0x000fffff]
[    0.000000] e820: [mem 0x80000000-0xfebfffff] available for PCI devices
[    0.000000] Booting paravirtualized kernel on KVM
[    0.000000] clocksource: refined-jiffies: mask: 0xffffffff max_cycles: 0xffffffff, max_idle_ns: 7645519600211568 ns
[    0.000000] setup_percpu: NR_CPUS:512 nr_cpumask_bits:512 nr_cpu_ids:2 nr_node_ids:1
[    0.000000] PERCPU: Embedded 33 pages/cpu @ffff88007fc00000 s95448 r8192 d31528 u1048576
[    0.000000] Built 1 zonelists in Node order, mobility grouping on.  Total pages: 515960
[    0.000000] Policy zone: DMA32
[    0.000000] Kernel command line: BOOT_IMAGE=/boot/vmlinuz-4.4.0-176-generic root=UUID=3bda5ecb-45e7-4190-b7c8-0d4f527f03d6 ro console=tty1 console=ttyS0
[    0.000000] PID hash table entries: 4096 (order: 3, 32768 bytes)
[    0.000000] Memory: 2029312K/2096696K available (8626K kernel code, 1336K rwdata, 4032K rodata, 1488K init, 1292K bss, 67384K reserved, 0K cma-reserved)
[    0.000000] SLUB: HWalign=64, Order=0-3, MinObjects=0, CPUs=2, Nodes=1
[    0.000000] Kernel/User page tables isolation: enabled
[    0.000000] Hierarchical RCU implementation.
[    0.000000] 	Build-time adjustment of leaf fanout to 64.
[    0.000000] 	RCU restricting CPUs from NR_CPUS=512 to nr_cpu_ids=2.
[    0.000000] RCU: Adjusting geometry for rcu_fanout_leaf=64, nr_cpu_ids=2
[    0.000000] NR_IRQS:33024 nr_irqs:440 16
[    0.000000] Console: colour VGA+ 80x25
[    0.000000] console [tty1] enabled
[    0.000000] console [ttyS0] enabled
[    0.000000] tsc: Detected 2904.000 MHz processor
[    0.232013] Calibrating delay loop (skipped) preset value.. 5808.00 BogoMIPS (lpj=11616000)
[    0.234456] pid_max: default: 32768 minimum: 301
[    0.235822] ACPI: Core revision 20150930
[    0.239052] ACPI: 2 ACPI AML tables successfully acquired and loaded
[    0.241029] Security Framework initialized
[    0.242290] Yama: becoming mindful.
[    0.243446] AppArmor: AppArmor initialized
[    0.248389] Dentry cache hash table entries: 262144 (order: 9, 2097152 bytes)
[    0.250995] Inode-cache hash table entries: 131072 (order: 8, 1048576 bytes)
[    0.255576] Mount-cache hash table entries: 4096 (order: 3, 32768 bytes)
[    0.256911] Mountpoint-cache hash table entries: 4096 (order: 3, 32768 bytes)
[    0.258486] Initializing cgroup subsys io
[    0.259393] Initializing cgroup subsys memory
[    0.260382] Initializing cgroup subsys devices
[    0.261346] Initializing cgroup subsys freezer
[    0.262780] Initializing cgroup subsys net_cls
[    0.263798] Initializing cgroup subsys perf_event
[    0.264839] Initializing cgroup subsys net_prio
[    0.265818] Initializing cgroup subsys hugetlb
[    0.266787] Initializing cgroup subsys pids
[    0.268860] mce: CPU supports 0 MCE banks
[    0.269782] Last level iTLB entries: 4KB 64, 2MB 8, 4MB 8
[    0.270877] Last level dTLB entries: 4KB 64, 2MB 0, 4MB 0, 1GB 4
[    0.272364] Spectre V1 : Mitigation: usercopy/swapgs barriers and __user pointer sanitization
[    0.274219] Spectre V2 : Mitigation: Full generic retpoline
[    0.275447] Spectre V2 : Spectre v2 / SpectreRSB mitigation: Filling RSB on context switch
[    0.277244] Speculative Store Bypass: Vulnerable
[    0.278438] MDS: Mitigation: Clear CPU buffers
[    0.282918] Freeing SMP alternatives memory: 36K
[    0.290254] ftrace: allocating 32305 entries in 127 pages
[    0.354201] smpboot: APIC(0) Converting physical 0 to logical package 0
[    0.355602] smpboot: Max logical packages: 1
[    0.356886] x2apic enabled
[    0.357881] Switched APIC routing to physical x2apic.
[    0.360445] ..TIMER: vector=0x30 apic1=0 pin1=2 apic2=-1 pin2=-1
[    0.469936] smpboot: CPU0: Intel(R) Core(TM) i7-7500U CPU @ 2.70GHz (family: 0x6, model: 0x8e, stepping: 0x9)
[    0.472447] Performance Events: unsupported p6 CPU model 142 no PMU driver, software events only.
[    0.485820] KVM setup paravirtual spinlock
[    0.490296] x86: Booting SMP configuration:
[    0.491685] .... node  #0, CPUs:      #1
[    0.492760] kvm-clock: cpu 1, msr 0:7ffe3041, secondary cpu clock
[    0.495266] mce: CPU supports 0 MCE banks
[    0.498052] x86: Booted up 1 node, 2 CPUs
[    0.499286] smpboot: Total of 2 processors activated (11616.00 BogoMIPS)
[    0.501225] devtmpfs: initialized
[    0.503486] evm: security.selinux
[    0.504331] evm: security.SMACK64
[    0.505184] evm: security.SMACK64EXEC
[    0.506166] evm: security.SMACK64TRANSMUTE
[    0.507121] evm: security.SMACK64MMAP
[    0.507998] evm: security.ima
[    0.508815] evm: security.capability
[    0.509938] clocksource: jiffies: mask: 0xffffffff max_cycles: 0xffffffff, max_idle_ns: 7645041785100000 ns
[    0.512385] futex hash table entries: 512 (order: 3, 32768 bytes)
[    0.514470] pinctrl core: initialized pinctrl subsystem
[    0.515701] RTC time:  8:06:11, date: 03/23/20
[    0.516863] NET: Registered protocol family 16
[    0.527602] cpuidle: using governor ladder
[    0.540281] cpuidle: using governor menu
[    0.541386] PCCT header not found.
[    0.542435] ACPI: bus type PCI registered
[    0.543402] acpiphp: ACPI Hot Plug PCI Controller Driver version: 0.5
[    0.544889] PCI: Using configuration type 1 for base access
[    0.559339] ACPI: Added _OSI(Module Device)
[    0.560440] ACPI: Added _OSI(Processor Device)
[    0.561506] ACPI: Added _OSI(3.0 _SCP Extensions)
[    0.563233] ACPI: Added _OSI(Processor Aggregator Device)
[    0.565313] ACPI: Executed 1 blocks of module-level executable AML code
[    0.569162] ACPI: Interpreter enabled
[    0.570143] ACPI: (supports S0 S5)
[    0.571054] ACPI: Using IOAPIC for interrupt routing
[    0.572360] PCI: Using host bridge windows from ACPI; if necessary, use "pci=nocrs" and report a bug
[    0.578563] ACPI: PCI Root Bridge [PCI0] (domain 0000 [bus 00-ff])
[    0.580369] acpi PNP0A03:00: _OSC: OS supports [ASPM ClockPM Segments MSI]
[    0.582123] acpi PNP0A03:00: _OSC: not requesting OS control; OS requires [ExtendedConfig ASPM ClockPM MSI]
[    0.584303] acpi PNP0A03:00: fail to add MMCONFIG information, can't access extended PCI configuration space under this bridge.
[    0.588118] PCI host bridge to bus 0000:00
[    0.589082] pci_bus 0000:00: root bus resource [io  0x0000-0x0cf7 window]
[    0.590479] pci_bus 0000:00: root bus resource [io  0x0d00-0xffff window]
[    0.591935] pci_bus 0000:00: root bus resource [mem 0x000a0000-0x000bffff window]
[    0.593662] pci_bus 0000:00: root bus resource [mem 0x80000000-0xfdffffff window]
[    0.595512] pci_bus 0000:00: root bus resource [bus 00-ff]
[    0.599538] pci 0000:00:01.1: legacy IDE quirk: reg 0x10: [io  0x01f0-0x01f7]
[    0.600972] pci 0000:00:01.1: legacy IDE quirk: reg 0x14: [io  0x03f6]
[    0.602381] pci 0000:00:01.1: legacy IDE quirk: reg 0x18: [io  0x0170-0x0177]
[    0.603884] pci 0000:00:01.1: legacy IDE quirk: reg 0x1c: [io  0x0376]
[    0.657546] pci 0000:00:07.0: quirk: [io  0x4000-0x403f] claimed by PIIX4 ACPI
[    0.659346] pci 0000:00:07.0: quirk: [io  0x4100-0x410f] claimed by PIIX4 SMB
[    0.686807] ACPI: PCI Interrupt Link [LNKA] (IRQs 5 9 10 *11)
[    0.688853] ACPI: PCI Interrupt Link [LNKB] (IRQs 5 9 *10 11)
[    0.690763] ACPI: PCI Interrupt Link [LNKC] (IRQs 5 *9 10 11)
[    0.692622] ACPI: PCI Interrupt Link [LNKD] (IRQs 5 9 10 *11)
[    0.694483] ACPI: Enabled 2 GPEs in block 00 to 07
[    0.696096] vgaarb: setting as boot device: PCI:0000:00:02.0
[    0.697781] vgaarb: device added: PCI:0000:00:02.0,decodes=io+mem,owns=io+mem,locks=none
[    0.699698] vgaarb: loaded
[    0.700462] vgaarb: bridge control possible 0000:00:02.0
[    0.701854] SCSI subsystem initialized
[    0.703166] ACPI: bus type USB registered
[    0.704121] usbcore: registered new interface driver usbfs
[    0.705319] usbcore: registered new interface driver hub
[    0.706490] usbcore: registered new device driver usb
[    0.707991] PCI: Using ACPI for IRQ routing
[    0.709276] NetLabel: Initializing
[    0.710177] NetLabel:  domain hash size = 128
[    0.711175] NetLabel:  protocols = UNLABELED CIPSOv4
[    0.712359] NetLabel:  unlabeled traffic allowed by default
[    0.714093] amd_nb: Cannot enumerate AMD northbridges
[    0.715341] clocksource: Switched to clocksource kvm-clock
[    0.728342] AppArmor: AppArmor Filesystem Enabled
[    0.729935] pnp: PnP ACPI init
[    0.732183] pnp: PnP ACPI: found 3 devices
[    0.755000] clocksource: acpi_pm: mask: 0xffffff max_cycles: 0xffffff, max_idle_ns: 2085701024 ns
[    0.757093] NET: Registered protocol family 2
[    0.758252] TCP established hash table entries: 16384 (order: 5, 131072 bytes)
[    0.760111] TCP bind hash table entries: 16384 (order: 6, 262144 bytes)
[    0.761530] TCP: Hash tables configured (established 16384 bind 16384)
[    0.763449] UDP hash table entries: 1024 (order: 3, 32768 bytes)
[    0.764799] UDP-Lite hash table entries: 1024 (order: 3, 32768 bytes)
[    0.766163] NET: Registered protocol family 1
[    0.767195] pci 0000:00:00.0: Limiting direct PCI/PCI transfers
[    0.768585] pci 0000:00:01.0: Activating ISA DMA hang workarounds
[    0.770023] Unpacking initramfs...
[    1.023373] Freeing initrd memory: 15432K
[    1.024587] clocksource: tsc: mask: 0xffffffffffffffff max_cycles: 0x29dc05e54fc, max_idle_ns: 440795291716 ns
[    1.026758] platform rtc_cmos: registered platform RTC device (no PNP device found)
[    1.028605] Scanning for low memory corruption every 60 seconds
[    1.030575] audit: initializing netlink subsys (disabled)
[    1.031717] audit: type=2000 audit(1584950776.666:1): initialized
[    1.033283] Initialise system trusted keyring
[    1.034418] HugeTLB registered 2 MB page size, pre-allocated 0 pages
[    1.036969] zbud: loaded
[    1.038307] VFS: Disk quotas dquot_6.6.0
[    1.039297] VFS: Dquot-cache hash table entries: 512 (order 0, 4096 bytes)
[    1.041047] squashfs: version 4.0 (2009/01/31) Phillip Lougher
[    1.042626] fuse init (API version 7.23)
[    1.043707] Key type big_key registered
[    1.044680] Allocating IMA MOK and blacklist keyrings.
[    1.047477] Key type asymmetric registered
[    1.048515] Asymmetric key parser 'x509' registered
[    1.049667] Block layer SCSI generic (bsg) driver version 0.4 loaded (major 249)
[    1.051528] io scheduler noop registered
[    1.052452] io scheduler deadline registered (default)
[    1.053632] io scheduler cfq registered
[    1.054691] pci_hotplug: PCI Hot Plug PCI Core version: 0.5
[    1.055973] pciehp: PCI Express Hot Plug Controller Driver version: 0.4
[    1.057459] ACPI: AC Adapter [AC] (on-line)
[    1.058510] input: Power Button as /devices/LNXSYSTM:00/LNXPWRBN:00/input/input0
[    1.060809] ACPI: Power Button [PWRF]
[    1.061784] input: Sleep Button as /devices/LNXSYSTM:00/LNXSLPBN:00/input/input1
[    1.064021] ACPI: Sleep Button [SLPF]
[    1.065965] ACPI: Battery Slot [BAT0] (battery present)
[    1.067156] GHES: HEST is not enabled!
[    1.068358] Serial: 8250/16550 driver, 32 ports, IRQ sharing enabled
[    1.090364] 00:02: ttyS0 at I/O 0x3f8 (irq = 4, base_baud = 115200) is a 16550A
[    1.093329] Linux agpgart interface v0.103
[    1.096442] loop: module loaded
[    1.097991] scsi host0: ata_piix
[    1.099041] scsi host1: ata_piix
[    1.100220] ata1: PATA max UDMA/33 cmd 0x1f0 ctl 0x3f6 bmdma 0xd000 irq 14
[    1.101609] ata2: PATA max UDMA/33 cmd 0x170 ctl 0x376 bmdma 0xd008 irq 15
[    1.103121] libphy: Fixed MDIO Bus: probed
[    1.104318] tun: Universal TUN/TAP device driver, 1.6
[    1.105437] tun: (C) 1999-2004 Max Krasnyansky <maxk@qualcomm.com>
[    1.106736] PPP generic driver version 2.4.2
[    1.107737] ehci_hcd: USB 2.0 'Enhanced' Host Controller (EHCI) Driver
[    1.109135] ehci-pci: EHCI PCI platform driver
[    1.110146] ehci-platform: EHCI generic platform driver
[    1.111273] ohci_hcd: USB 1.1 'Open' Host Controller (OHCI) Driver
[    1.112704] ohci-pci: OHCI PCI platform driver
[    1.114091] ohci-platform: OHCI generic platform driver
[    1.115260] uhci_hcd: USB Universal Host Controller Interface driver
[    1.116655] i8042: PNP: PS/2 Controller [PNP0303:PS2K,PNP0f03:PS2M] at 0x60,0x64 irq 1,12
[    1.118932] serio: i8042 KBD port at 0x60,0x64 irq 1
[    1.120018] serio: i8042 AUX port at 0x60,0x64 irq 12
[    1.121436] mousedev: PS/2 mouse device common for all mice
[    1.123114] rtc_cmos rtc_cmos: rtc core: registered rtc_cmos as rtc0
[    1.124538] input: AT Translated Set 2 keyboard as /devices/platform/i8042/serio0/input/input2
[    1.126595] rtc_cmos rtc_cmos: alarms up to one day, 114 bytes nvram
[    1.127937] i2c /dev entries driver
[    1.128827] device-mapper: uevent: version 1.0.3
[    1.130464] device-mapper: ioctl: 4.34.0-ioctl (2015-10-28) initialised: dm-devel@redhat.com
[    1.132784] ledtrig-cpu: registered to indicate activity on CPUs
[    1.134470] NET: Registered protocol family 10
[    1.136599] NET: Registered protocol family 17
[    1.137650] Key type dns_resolver registered
[    1.138871] registered taskstats version 1
[    1.139896] Loading compiled-in X.509 certificates
[    1.141424] Loaded X.509 cert 'Build time autogenerated kernel key: c2b7431ed9258328a3a0cf301f850647788d8e61'
[    1.143671] zswap: loaded using pool lzo/zbud
[    1.148298] Key type trusted registered
[    1.153136] Key type encrypted registered
[    1.154124] AppArmor: AppArmor sha1 policy hashing enabled
[    1.155393] ima: No TPM chip found, activating TPM-bypass!
[    1.156646] ima: Allocated hash algorithm: sha1
[    1.157736] evm: HMAC attrs: 0x1
[    1.158998]   Magic number: 12:620:119
[    1.160055] rtc_cmos rtc_cmos: setting system clock to 2020-03-23 08:06:11 UTC (1584950771)
[    1.162185] BIOS EDD facility v0.16 2004-Jun-25, 0 devices found
[    1.163543] EDD information not available.
[    1.264117] Freeing unused kernel memory: 1488K
[    1.265895] Write protecting the kernel read-only data: 14336k
[    1.268363] Freeing unused kernel memory: 1604K
[    1.269933] Freeing unused kernel memory: 64K
Loading, please wait...
starting version 229
[    1.290040] random: systemd-udevd: uninitialized urandom read (16 bytes read, 3 bits of entropy available)
[    1.291001] random: udevadm: uninitialized urandom read (16 bytes read, 3 bits of entropy available)
[    1.291025] random: udevadm: uninitialized urandom read (16 bytes read, 3 bits of entropy available)
[    1.299212] random: systemd-udevd: uninitialized urandom read (16 bytes read, 3 bits of entropy available)
[    1.302030] random: systemd-udevd: uninitialized urandom read (16 bytes read, 3 bits of entropy available)
[    1.304055] random: udevadm: uninitialized urandom read (16 bytes read, 3 bits of entropy available)
[    1.304106] random: udevadm: uninitialized urandom read (16 bytes read, 3 bits of entropy available)
[    1.304306] random: udevadm: uninitialized urandom read (16 bytes read, 3 bits of entropy available)
[    1.304373] random: udevadm: uninitialized urandom read (16 bytes read, 3 bits of entropy available)
[    1.304503] random: udevadm: uninitialized urandom read (16 bytes read, 3 bits of entropy available)
[    1.361429] e1000: Intel(R) PRO/1000 Network Driver - version 7.3.21-k8-NAPI
[    1.364215] e1000: Copyright (c) 1999-2006 Intel Corporation.
[    1.366216] Fusion MPT base driver 3.04.20
[    1.367531] Copyright (c) 1999-2008 LSI Corporation
[    1.398424] Fusion MPT SPI Host driver 3.04.20
[    1.402641] AVX2 version of gcm_enc/dec engaged.
[    1.404267] AES CTR mode by8 optimization enabled
[    1.578279] input: ImExPS/2 Generic Explorer Mouse as /devices/platform/i8042/serio1/input/input4
[    1.794110] e1000 0000:00:03.0 eth0: (PCI:33MHz:32-bit) 02:0e:0c:9a:00:f0
[    1.795510] e1000 0000:00:03.0 eth0: Intel(R) PRO/1000 Network Connection
[    1.797867] mptbase: ioc0: Initiating bringup
[    2.088903] ioc0: LSI53C1030 A0: Capabilities={Initiator}
[    3.026707] scsi host2: ioc0: LSI53C1030 A0, FwRev=00000000h, Ports=1, MaxQ=256, IRQ=20
[    3.419946] scsi 2:0:0:0: Direct-Access     VBOX     HARDDISK         1.0  PQ: 0 ANSI: 5
[    3.422134] scsi target2:0:0: Beginning Domain Validation
[    3.426067] scsi target2:0:0: Domain Validation skipping write tests
[    3.427325] scsi target2:0:0: Ending Domain Validation
[    3.428510] scsi target2:0:0: asynchronous
[    3.429866] scsi 2:0:1:0: Direct-Access     VBOX     HARDDISK         1.0  PQ: 0 ANSI: 5
[    3.431767] scsi target2:0:1: Beginning Domain Validation
[    3.434542] scsi target2:0:1: Domain Validation skipping write tests
[    3.435822] scsi target2:0:1: Ending Domain Validation
[    3.436940] scsi target2:0:1: asynchronous
[    3.459807] sd 2:0:0:0: [sda] 20971520 512-byte logical blocks: (10.7 GB/10.0 GiB)
[    3.462294] sd 2:0:0:0: Attached scsi generic sg0 type 0
[    3.468142] sd 2:0:1:0: Attached scsi generic sg1 type 0
[    3.469167] sd 2:0:1:0: [sdb] 20480 512-byte logical blocks: (10.5 MB/10.0 MiB)
[    3.469213] sd 2:0:0:0: [sda] Write Protect is off
[    3.473243] sd 2:0:1:0: [sdb] Write Protect is off
[    3.474476] sd 2:0:0:0: [sda] Incomplete mode parameter data
[    3.476140] sd 2:0:0:0: [sda] Assuming drive cache: write through
[    3.477768] sd 2:0:1:0: [sdb] Incomplete mode parameter data
[    3.479231] sd 2:0:1:0: [sdb] Assuming drive cache: write through
[    3.482329]  sda: sda1
[    3.485576] sd 2:0:0:0: [sda] Attached SCSI disk
[    3.487252] sd 2:0:1:0: [sdb] Attached SCSI disk
[    3.853419] e1000 0000:00:08.0 eth1: (PCI:33MHz:32-bit) 08:00:27:f2:db:14
[    3.855005] e1000 0000:00:08.0 eth1: Intel(R) PRO/1000 Network Connection
[    3.857426] e1000 0000:00:08.0 enp0s8: renamed from eth1
[    3.868624] e1000 0000:00:03.0 enp0s3: renamed from eth0
Begin: Loading essential drivers ... [    5.325658] md: linear personality registered for level -1
[    5.329773] md: multipath personality registered for level -4
[    5.334156] md: raid0 personality registered for level 0
[    5.339240] md: raid1 personality registered for level 1
[    5.411758] raid6: sse2x1   gen() 10626 MB/s
[    5.480116] raid6: sse2x1   xor()  8522 MB/s
[    5.547455] raid6: sse2x2   gen() 14125 MB/s
[    5.615761] raid6: sse2x2   xor()  8989 MB/s
[    5.684093] raid6: sse2x4   gen() 16082 MB/s
[    5.751442] raid6: sse2x4   xor()  9214 MB/s
[    5.819756] raid6: avx2x1   gen() 21814 MB/s
[    5.888028] raid6: avx2x2   gen() 16028 MB/s
[    5.955383] raid6: avx2x4   gen() 20204 MB/s
[    5.956401] raid6: using algorithm avx2x1 gen() 21814 MB/s
[    5.958826] raid6: using avx2x2 recovery algorithm
[    5.961513] xor: automatically using best checksumming function:
[    5.999796]    avx       : 24424.000 MB/sec
[    6.002451] async_tx: api initialized (async)
[    6.013070] md: raid6 personality registered for level 6
[    6.014688] md: raid5 personality registered for level 5
[    6.015940] md: raid4 personality registered for level 4
[    6.023270] md: raid10 personality registered for level 10
done.
Begin: Running /scripts/init-premount ... done.
Begin: Mounting root file system ... Begin: Running /scripts/local-top ... done.
Begin: Running /scripts/local-premount ... [    6.068698] Btrfs loaded
Scanning for Btrfs filesystems
done.
Warning: fsck not present, so skipping root file system
[    6.097666] EXT4-fs (sda1): INFO: recovery required on readonly filesystem
[    6.099039] EXT4-fs (sda1): write access will be enabled during recovery
[    6.147897] EXT4-fs (sda1): recovery complete
[    6.149070] EXT4-fs (sda1): mounted filesystem with ordered data mode. Opts: (null)
done.
Begin: Running /scripts/local-bottom ... done.
Begin: Running /scripts/init-bottom ... done.
[    6.271269] systemd[1]: systemd 229 running in system mode. (+PAM +AUDIT +SELINUX +IMA +APPARMOR +SMACK +SYSVINIT +UTMP +LIBCRYPTSETUP +GCRYPT +GNUTLS +ACL +XZ -LZ4 +SECCOMP +BLKID +ELFUTILS +KMOD -IDN)
[    6.275077] systemd[1]: Detected virtualization oracle.
[    6.276325] systemd[1]: Detected architecture x86-64.

Welcome to [1mUbuntu 16.04.6 LTS[0m!

[    6.284904] systemd[1]: Set hostname to <srv-nv>.
[    6.458913] systemd[1]: Listening on udev Control Socket.
[[0;32m  OK  [0m] Listening on udev Control Socket.
[    6.460894] systemd[1]: Listening on Journal Socket (/dev/log).
[[0;32m  OK  [0m] Listening on Journal Socket (/dev/log).
[    6.468804] systemd[1]: Listening on Journal Audit Socket.
[[0;32m  OK  [0m] Listening on Journal Audit Socket.
[    6.471185] systemd[1]: Started Trigger resolvconf update for networkd DNS.
[[0;32m  OK  [0m] Started Trigger resolvconf update for networkd DNS.
[    6.474154] systemd[1]: Set up automount Arbitrary Executable File Formats File System Automount Point.
[[0;32m  OK  [0m] Set up automount Arbitrary Executab...ats File System Automount Point.
[    6.483931] systemd[1]: Listening on /dev/initctl Compatibility Named Pipe.
[[0;32m  OK  [0m] Listening on /dev/initctl Compatibility Named Pipe.
[    6.487350] systemd[1]: Reached target User and Group Name Lookups.
[[0;32m  OK  [0m] Reached target User and Group Name Lookups.
[    6.489506] systemd[1]: Listening on Syslog Socket.
[[0;32m  OK  [0m] Listening on Syslog Socket.
[    6.500644] systemd[1]: Created slice System Slice.
[[0;32m  OK  [0m] Created slice System Slice.
[    6.508166] systemd[1]: Listening on Device-mapper event daemon FIFOs.
[[0;32m  OK  [0m] Listening on Device-mapper event daemon FIFOs.
[    6.516117] systemd[1]: Listening on udev Kernel Socket.
[[0;32m  OK  [0m] Listening on udev Kernel Socket.
[    6.524102] systemd[1]: Reached target Encrypted Volumes.
[[0;32m  OK  [0m] Reached target Encrypted Volumes.
[    6.526225] systemd[1]: Listening on LVM2 metadata daemon socket.
[[0;32m  OK  [0m] Listening on LVM2 metadata daemon socket.
[    6.528685] systemd[1]: Created slice system-serial\x2dgetty.slice.
[[0;32m  OK  [0m] Created slice system-serial\x2dgetty.slice.
[    6.536000] systemd[1]: Listening on LVM2 poll daemon socket.
[[0;32m  OK  [0m] Listening on LVM2 poll daemon socket.
[    6.538250] systemd[1]: Reached target Swap.
[[0;32m  OK  [0m] Reached target Swap.
[    6.540148] systemd[1]: Created slice User and Session Slice.
[[0;32m  OK  [0m] Created slice User and Session Slice.
[    6.542020] systemd[1]: Reached target Slices.
[[0;32m  OK  [0m] Reached target Slices.
[    6.552914] systemd[1]: Listening on Journal Socket.
[[0;32m  OK  [0m] Listening on Journal Socket.
[    6.567688] systemd[1]: Starting Load Kernel Modules...
         Starting Load Kernel Modules...
[    6.576461] systemd[1]: Starting Set console keymap...
         Starting Set console keymap...
[    6.582525] systemd[1]: Starting Nameserver information manager...
         Starting Nameserver information manager...
[    6.587489] systemd[1]: Starting Remount Root and Kernel File Systems...
[    6.589876] Loading iSCSI transport class v2.0-870.
         Starting Remount Root and Kernel File Systems...
[    6.602287] systemd[1]: Starting Create list of required static device nodes for the current kernel...
[    6.605671] EXT4-fs (sda1): re-mounted. Opts: (null)
         Starting Create list of required st... nodes for the current kernel...
[    6.610355] systemd[1]: Starting Journal Service...
[    6.613115] iscsi: registered transport (tcp)
         Starting Journal Service...
[    6.624350] systemd[1]: Mounting POSIX Message Queue File System...
         Mounting POSIX Message Queue File System...
[    6.628941] systemd[1]: Started Forward Password Requests to Wall Directory Watch.
[[0;32m  OK  [0m] Started Forward Password Requests to Wall Directory Watch.
[    6.634175] systemd[1]: Mounting Huge Pages File System...
         Mounting Huge Pages File System...
[    6.638100] systemd[1]: Starting Monitoring of LVM2 mirrors, snapshots etc. using dmeventd or progress polling...
         Starting Monitoring of LVM2 mirrors... dmeventd or progress polling...
[    6.645118] systemd[1]: Reached target System Time Synchronized.
[[0;32m  OK  [0m] Reached target System Time Synchronized.
[    6.671647] systemd[1]: Mounting Debug File System...
         Mounting Debug File System...
[    6.677689] systemd[1]: Starting Uncomplicated firewall...
         Starting Uncomplicated firewall...
[    6.684432] systemd[1]: Mounted Debug File System.
[[0;32m  OK  [0m] Mounted Debug File System.
[    6.687585] systemd[1]: Mounted Huge Pages File System.
[[0;32m  OK  [0m] Mounted Huge Pages File System.
[    6.689860] systemd[1]: Mounted POSIX Message Queue File System.
[[0;32m  OK  [0m] Mounted POSIX Message Queue File System.
[    6.701840] iscsi: registered transport (iser)
[    6.716354] ip_tables: (C) 2000-2006 Netfilter Core Team
[    6.716528] systemd[1]: Started Load Kernel Modules.
[[0;32m  OK  [0m] Started Load Kernel Modules.
[    6.722575] systemd[1]: Started Set console keymap.
[[0;32m  OK  [0m] Started Set console keymap.
[    6.725426] systemd[1]: Started Remount Root and Kernel File Systems.
[[0;32m  OK  [0m] Started Remount Root and Kernel File Systems.
[    6.729974] systemd[1]: Started Create list of required static device nodes for the current kernel.
[[0;32m  OK  [0m] Started Create list of required sta...ce nodes for the current kernel.
[    6.734354] systemd[1]: Started Nameserver information manager.
[    6.736819] nf_conntrack version 0.5.0 (16384 buckets, 65536 max)
[[0;32m  OK  [0m] Started Nameserver information manager.
[    6.741954] systemd[1]: Started Journal Service.
[[0;32m  OK  [0m] Started Journal Service.
[[0;32m  OK  [0m] Started LVM2 metadata daemon.
         Starting Create Static Device Nodes in /dev...
         Starting Load/Save Random Seed...
         Starting Flush Journal to Persistent Storage...
         Starting udev Coldplug all Devices...
         Starting Apply Kernel Variables...
         Mounting FUSE Control File System...
[[0;32m  OK  [0m] Mounted FUSE Control File System.
[[0;32m  OK  [0m] Started Load/Save Random Seed.
[[0;32m  OK  [0m] Started Apply Kernel Variables.
[[0;32m  OK  [0m] Started Flush Journal to Persistent Storage.
[[0;32m  OK  [0m] Started Create Static Device Nodes in /dev.
         Starting udev Kernel Device Manager...
[[0;32m  OK  [0m] Started udev Coldplug all Devices.
[[0;32m  OK  [0m] Started udev Kernel Device Manager.
[[0;32m  OK  [0m] Started Dispatch Password Requests to Console Directory Watch.
[[0;32m  OK  [0m] Started Monitoring of LVM2 mirrors,...ng dmeventd or progress polling.
[[0;32m  OK  [0m] Reached target Local File Systems (Pre).
[[0;32m  OK  [0m] Reached target Local File Systems.
         Starting Set console font and keymap...
         Starting Create Volatile Files and Directories...
         Starting Tell Plymouth To Write Out Runtime Data...
         Starting LSB: AppArmor initialization...
         Starting Initial cloud-init job (pre-networking)...
[[0;32m  OK  [0m] Started Uncomplicated firewall.
[[0;32m  OK  [0m] Started Create Volatile Files and Directories.
[[0;32m  OK  [0m] Started Tell Plymouth To Write Out Runtime Data.
         Starting Update UTMP about System Boot/Shutdown...
[[0;32m  OK  [0m] Started Update UTMP about System Boot/Shutdown.
[[0;32m  OK  [0m] Found device /dev/ttyS0.
[[0;32m  OK  [0m] Started LSB: AppArmor initialization.
[[0;32m  OK  [0m] Listening on Load/Save RF Kill Switch Status /dev/rfkill Watch.
[[0;32m  OK  [0m] Found device 82540EM Gigabit Ethern...r (PRO/1000 MT Desktop Adapter).
[[0;32m  OK  [0m] Found device 82540EM Gigabit Ethern...r (PRO/1000 MT Desktop Adapter).
[    8.271566] cloud-init[564]: Cloud-init v. 19.4-33-gbb4131a2-0ubuntu1~16.04.1 running 'init-local' at Mon, 23 Mar 2020 08:06:18 +0000. Up 7.84 seconds.
[[0;32m  OK  [0m] Started Set console font and keymap.
[[0;32m  OK  [0m] Created slice system-getty.slice.
[[0;32m  OK  [0m] Started Initial cloud-init job (pre-networking).
[[0;32m  OK  [0m] Reached target Network (Pre).
[[0;32m  OK  [0m] Started ifup for enp0s8.
         Starting Raise network interfaces...
[[0;32m  OK  [0m] Started ifup for enp0s3.
[[0;32m  OK  [0m] Started Raise network interfaces.
         Starting Initial cloud-init job (metadata service crawler)...
[[0;32m  OK  [0m] Reached target Network.
[    9.374248] cloud-init[1144]: Cloud-init v. 19.4-33-gbb4131a2-0ubuntu1~16.04.1 running 'init' at Mon, 23 Mar 2020 08:06:19 +0000. Up 8.99 seconds.
[    9.376728] cloud-init[1144]: ci-info: ++++++++++++++++++++++++++++++++++++++Net device info+++++++++++++++++++++++++++++++++++++++
[    9.379262] cloud-init[1144]: ci-info: +--------+------+-----------------------------+---------------+--------+-------------------+
[    9.388752] cloud-init[1144]: ci-info: | Device |  Up  |           Address           |      Mask     | Scope  |     Hw-Address    |
[    9.389995] cloud-init[1144]: ci-info: +--------+------+-----------------------------+---------------+--------+-------------------+
[    9.391385] cloud-init[1144]: ci-info: | enp0s3 | True |          10.0.2.15          | 255.255.255.0 | global | 02:0e:0c:9a:00:f0 |
[    9.393654] cloud-init[1144]: ci-info: | enp0s3 | True |    fe80::e:cff:fe9a:f0/64   |       .       |  link  | 02:0e:0c:9a:00:f0 |
[    9.395216] cloud-init[1144]: ci-info: | enp0s8 | True |        192.168.55.10        | 255.255.255.0 | global | 08:00:27:f2:db:14 |
[    9.397864] cloud-init[1144]: ci-info: | enp0s8 | True | fe80::a00:27ff:fef2:db14/64 |       .       |  link  | 08:00:27:f2:db:14 |
[    9.408595] cloud-init[1144]: ci-info: |   lo   | True |          127.0.0.1          |   255.0.0.0   |  host  |         .         |
[    9.411807] cloud-init[1144]: ci-info: |   lo   | True |           ::1/128           |       .       |  host  |         .         |
[    9.414499] cloud-init[1144]: ci-info: +--------+------+-----------------------------+---------------+--------+-------------------+
[    9.417073] cloud-init[1144]: ci-info: ++++++++++++++++++++++++++++Route IPv4 info++++++++++++++++++++++++++++
[    9.419427] cloud-init[1144]: ci-info: +-------+--------------+----------+---------------+-----------+-------+
[    9.422639] cloud-init[1144]: [[0;32m  OK  [0m] Started Initial cloud-init job (metadata service crawler).
[[0;32m  OK  [0m] Reached target System Initialization.
ci-info: | Route | Destination  | Gateway  |    Genmask    | Interface | Flags |
[[0;32m  OK  [0m] Started ACPI Events Check.
[[0;32m  OK  [0m] Reached target Paths.
[[0;32m  OK  [0m] Started Daily Cleanup of Temporary Directories.
         Starting Socket activation for snappy daemon.
[    9.436435] cloud-init[1144]: ci-info: +-------+--------------+----------+---------------+-----------+-------+
[    9.449373] [[0;32m  OK  [0m] Started Message of the Day.
[[0;32m  OK  [0m] Listening on ACPID Listen Socket.
[[0;32m  OK  [0m] Listening on D-Bus System Message Bus Socket.
[[0;32m  OK  [0m] Listening on UUID daemon activation socket.
[[0;32m  OK  [0m] Started Daily apt download activities.
[[0;32m  OK  [0m] Started Daily apt upgrade and clean activities.
cloud-init[1144]: ci-info: |   0   |   0.0.0.0    | 10.0.2.2 |    0.0.0.0    |   enp0s3  |   UG  |
         Starting LXD - unix socket.
[[0;32m  OK  [0m] Reached target Timers.
[[0;32m  OK  [0m] Reached target Cloud-config availability.
[[0;32m  OK  [0m] Reached target Network is Online.
[    9.453768] cloud-init[1144]: ci-info: |   1   |   10.0.2.0   | 0.0.0.0  | 255.255.255.0 |   enp0s3  |   U   |
[    9.468636] cloud-init[1144]: ci-info: |   2   | 192.168.55.0 | 0.0.0.0  | 255.255.255.0 |   enp0s8  |   U   |
[    9.476284]          cloud-initStarting iSCSI initiator daemon (iscsid)...[1144]: 
ci-info: +-------+--------------+----------+---------------+-----------+-------+
[    9.477955] cloud-init[1144]: ci-info: +++++++++++++++++++Route IPv6 info+++++++++++++++++++
[[0;32m  OK  [0m] Listening on Socket activation for snappy daemon.
[[0;32m  OK  [0m] Listening on LXD - unix socket.
[    9.496269] [[0;32m  OK  [0m] Reached target Sockets.
[[0;32m  OK  [0m] Reached target Basic System.
         Starting Login Service...
cloud-init         Starting Accounts Service...
[1144]: [[0;32m  OK  [0m] Started Deferred execution scheduler.
         Starting /etc/rc.local Compatibility...
         Starting System Logging Service...
ci-info: +-------+-------------+---------+-----------+-------+
[    9.516006] cloud-init[1144]: ci-info: | Route | Destination | Gateway | Interface | Flags |
[    9.518945] [[0;32m  OK  [0m] Started ACPI event daemon.
cloud-init[1144]: ci-info: +-------+-------------+---------+-----------+-------+         Starting LXD - container startup/shutdown...

[    9.523993] cloud-init[1144]: ci-info: |   0   |  fe80::/64  |    ::   |   enp0s8  |   U   |
[    9.525479] cloud-init[1144]: ci-info: |   1   |  fe80::/64  |    ::   |   enp0s3  |   U   |
[    9.526839] cloud-init[1144]: ci-info: |   4   |   ff00::/8  |    ::   |   enp0s8  |   U   |
[    9.528361] cloud-init[1144]: ci-info: |   5   |   ff00::/8  |    ::   |   enp0s3  |   U   |
         Starting OpenBSD Secure Shell server...
[    9.532225] cloud-init[1144]: ci-info: +-------+-------------+---------+-----------+-------+         Starting LSB: Record successful boot for GRUB...
         Starting Virtualbox guest utils...
         Starting Snappy daemon...
         Starting LSB: MD monitoring daemon...
[[0;32m  OK  [0m] Started D-Bus System Message Bus.

[[0;32m  OK  [0m] Started FUSE filesystem for LXC.
[[0;32m  OK  [0m] Started Regular background program processing daemon.
[[0;32m  OK  [0m] Started System Logging Service.
[[0;32m  OK  [0m] Started iSCSI initiator daemon (iscsid).
[[0;32m  OK  [0m] Started /etc/rc.local Compatibility.
[[0;32m  OK  [0m] Started Login Service.
[[0;32m  OK  [0m] Started Unattended Upgrades Shutdown.
         Starting Authenticate and Authorize Users to Run Privileged Tasks...
         Starting Login to default iSCSI targets...
[[0;32m  OK  [0m] Started OpenBSD Secure Shell server.
[[0;32m  OK  [0m] Started LSB: Record successful boot for GRUB.
[[0;32m  OK  [0m] Started LSB: MD monitoring daemon.
[[0;32m  OK  [0m] Started Authenticate and Authorize Users to Run Privileged Tasks.
[[0;32m  OK  [0m] Started Login to default iSCSI targets.
[[0;32m  OK  [0m] Reached target Remote File Systems (Pre).
[[0;32m  OK  [0m] Reached target Remote File Systems.
         Starting Permit User Sessions...
         Starting LSB: automatic crash report generation...
         Starting LSB: Set the CPU Frequency Scaling governor to "ondemand"...
         Starting LSB: daemon to balance interrupts for SMP systems...
         Starting LSB: Apache2 web server...
[[0;32m  OK  [0m] Started Permit User Sessions.
         Starting Hold until boot process finishes up...
         Starting Terminate Plymouth Boot Screen...
[[0;32m  OK  [0m] Started Hold until boot process finishes up.
[[0;32m  OK  [0m] Started Accounts Service.
[[0;32m  OK  [0m] Started Getty on tty1.
         Starting Set console scheme...
[[0;32m  OK  [0m] Started Serial Getty on ttyS0.
[[0;32m  OK  [0m] Reached target Login Prompts.
[[0;32m  OK  [0m] Started Terminate Plymouth Boot Screen.
[[0;32m  OK  [0m] Started LXD - container startup/shutdown.
[[0;32m  OK  [0m] Started Set console scheme.
[[0;32m  OK  [0m] Started Virtualbox guest utils.
[[0;32m  OK  [0m] Started LSB: daemon to balance interrupts for SMP systems.
[[0;32m  OK  [0m] Started LSB: Set the CPU Frequency Scaling governor to "ondemand".
[[0;32m  OK  [0m] Started LSB: automatic crash report generation.
[[0;32m  OK  [0m] Started Snappy daemon.
         Starting Wait until snapd is fully seeded...
[[0;32m  OK  [0m] Started Wait until snapd is fully seeded.
         Starting Apply the settings specified in cloud-config...
[   10.703565] cloud-init[1427]: Cloud-init v. 19.4-33-gbb4131a2-0ubuntu1~16.04.1 running 'modules:config' at Mon, 23 Mar 2020 08:06:21 +0000. Up 10.57 seconds.
[[0;32m  OK  [0m] Started Apply the settings specified in cloud-config.
[[0;32m  OK  [0m] Started LSB: Apache2 web server.
[[0;32m  OK  [0m] Reached target Multi-User System.
         Starting Execute cloud user/final scripts...
[[0;32m  OK  [0m] Reached target Graphical Interface.
         Starting Update UTMP about System Runlevel Changes...
[[0;32m  OK  [0m] Started Update UTMP about System Runlevel Changes.
[   11.768087] cloud-init[1503]: Cloud-init v. 19.4-33-gbb4131a2-0ubuntu1~16.04.1 running 'modules:final' at Mon, 23 Mar 2020 08:06:22 +0000. Up 11.64 seconds.
[   11.770880] cloud-init[1503]: Cloud-init v. 19.4-33-gbb4131a2-0ubuntu1~16.04.1 finished at Mon, 23 Mar 2020 08:06:22 +0000. Datasource DataSourceNoCloud [seed=/dev/sdb][dsmode=net].  Up 11.76 seconds
[[0;32m  OK  [0m] Started Execute cloud user/final scripts.
[[0;32m  OK  [0m] Reached target Cloud-init target.

Ubuntu 16.04.6 LTS srv-nv ttyS0

srv-nv login: 